# JRE version: OpenJDK Runtime Environment Temurin-21.0.5+11 (21.0.5+11) (build 21.0.5+11-LTS)
# Java VM: OpenJDK 64-Bit Server VM Temurin-21.0.5+11 (21.0.5+11-LTS, mixed mode, emulated-client, sharing, tiered, compressed oops, compressed class ptrs, g1 gc, windows-amd64)
GC Precious Log:
 CardTable entry size: 512
 Card Set container configuration: InlinePtr #cards 4 size 8 Array Of Cards #cards 16 size 48 Howl #buckets 8 coarsen threshold 3686 Howl Bitmap #cards 512 size 80 coarsen threshold 460 Card regions per heap region 1 cards per card region 4096
 CPUs: 8 total, 8 available
 Memory: 12166M
 Large Page Support: Disabled
 NUMA Support: Disabled
 Compressed Oops: Enabled (Zero based)
 Heap Region Size: 2M
 Heap Min Capacity: 8M
 Heap Initial Capacity: 192M
 Heap Max Capacity: 3042M
 Pre-touch: Disabled
 Parallel Workers: 8
 Concurrent Workers: 2
 Concurrent Refinement Workers: 8
 Periodic GC: Disabled
Heap:
 garbage-first heap   total 49152K, used 34693K [0x0000000741e00000, 0x0000000800000000)
  region size 2048K, 12 young (24576K), 0 survivors (0K)
 Metaspace       used 33615K, committed 34560K, reserved 1114112K
  class space    used 4417K, committed 4800K, reserved 1048576K
GC Heap History (20 events):
Event: 2.170 GC heap before
{Heap before GC invocations=4 (full 0):
 garbage-first heap   total 34816K, used 32945K [0x0000000741e00000, 0x0000000800000000)
  region size 2048K, 14 young (28672K), 2 survivors (4096K)
 Metaspace       used 18878K, committed 19264K, reserved 1114112K
  class space    used 2393K, committed 2560K, reserved 1048576K
}
Event: 2.174 GC heap after
{Heap after GC invocations=5 (full 0):
 garbage-first heap   total 40960K, used 8710K [0x0000000741e00000, 0x0000000800000000)
  region size 2048K, 3 young (6144K), 3 survivors (6144K)
 Metaspace       used 18878K, committed 19264K, reserved 1114112K
  class space    used 2393K, committed 2560K, reserved 1048576K
}
Event: 2.236 GC heap before
{Heap before GC invocations=5 (full 0):
 garbage-first heap   total 40960K, used 27142K [0x0000000741e00000, 0x0000000800000000)
  region size 2048K, 12 young (24576K), 3 survivors (6144K)
 Metaspace       used 20360K, committed 20800K, reserved 1114112K
  class space    used 2622K, committed 2816K, reserved 1048576K
}
Event: 2.240 GC heap after
{Heap after GC invocations=6 (full 0):
 garbage-first heap   total 40960K, used 9153K [0x0000000741e00000, 0x0000000800000000)
  region size 2048K, 1 young (2048K), 1 survivors (2048K)
 Metaspace       used 20360K, committed 20800K, reserved 1114112K
  class space    used 2622K, committed 2816K, reserved 1048576K
}
Event: 2.440 GC heap before
{Heap before GC invocations=6 (full 0):
 garbage-first heap   total 40960K, used 31681K [0x0000000741e00000, 0x0000000800000000)
  region size 2048K, 12 young (24576K), 1 survivors (2048K)
 Metaspace       used 21754K, committed 22208K, reserved 1114112K
  class space    used 2811K, committed 3008K, reserved 1048576K
}
Event: 2.442 GC heap after
{Heap after GC invocations=7 (full 0):
 garbage-first heap   total 118784K, used 10835K [0x0000000741e00000, 0x0000000800000000)
  region size 2048K, 2 young (4096K), 2 survivors (4096K)
 Metaspace       used 21754K, committed 22208K, reserved 1114112K
  class space    used 2811K, committed 3008K, reserved 1048576K
}
Event: 3.127 GC heap before
{Heap before GC invocations=7 (full 0):
 garbage-first heap   total 118784K, used 74323K [0x0000000741e00000, 0x0000000800000000)
  region size 2048K, 34 young (69632K), 2 survivors (4096K)
 Metaspace       used 26676K, committed 27200K, reserved 1114112K
  class space    used 3490K, committed 3712K, reserved 1048576K
}
Event: 3.135 GC heap after
{Heap after GC invocations=8 (full 0):
 garbage-first heap   total 118784K, used 13325K [0x0000000741e00000, 0x0000000800000000)
  region size 2048K, 3 young (6144K), 3 survivors (6144K)
 Metaspace       used 26676K, committed 27200K, reserved 1114112K
  class space    used 3490K, committed 3712K, reserved 1048576K
}
Event: 3.418 GC heap before
{Heap before GC invocations=8 (full 0):
 garbage-first heap   total 118784K, used 35853K [0x0000000741e00000, 0x0000000800000000)
  region size 2048K, 15 young (30720K), 3 survivors (6144K)
 Metaspace       used 28462K, committed 28928K, reserved 1114112K
  class space    used 3733K, committed 3968K, reserved 1048576K
}
Event: 3.423 GC heap after
{Heap after GC invocations=9 (full 0):
 garbage-first heap   total 118784K, used 14509K [0x0000000741e00000, 0x0000000800000000)
  region size 2048K, 4 young (8192K), 4 survivors (8192K)
 Metaspace       used 28462K, committed 28928K, reserved 1114112K
  class space    used 3733K, committed 3968K, reserved 1048576K
}
Event: 13.951 GC heap before
{Heap before GC invocations=10 (full 0):
 garbage-first heap   total 55296K, used 53421K [0x0000000741e00000, 0x0000000800000000)
  region size 2048K, 23 young (47104K), 4 survivors (8192K)
 Metaspace       used 31395K, committed 31872K, reserved 1114112K
  class space    used 4139K, committed 4352K, reserved 1048576K
}
Event: 13.957 GC heap after
{Heap after GC invocations=11 (full 0):
 garbage-first heap   total 63488K, used 15943K [0x0000000741e00000, 0x0000000800000000)
  region size 2048K, 3 young (6144K), 3 survivors (6144K)
 Metaspace       used 31395K, committed 31872K, reserved 1114112K
  class space    used 4139K, committed 4352K, reserved 1048576K
}
Event: 76.738 GC heap before
{Heap before GC invocations=11 (full 0):
 garbage-first heap   total 63488K, used 36423K [0x0000000741e00000, 0x0000000800000000)
  region size 2048K, 14 young (28672K), 3 survivors (6144K)
 Metaspace       used 33436K, committed 34048K, reserved 1114112K
  class space    used 4419K, committed 4736K, reserved 1048576K
}
Event: 76.774 GC heap after
{Heap after GC invocations=12 (full 1):
 garbage-first heap   total 55296K, used 14409K [0x0000000741e00000, 0x0000000800000000)
  region size 2048K, 0 young (0K), 0 survivors (0K)
 Metaspace       used 33436K, committed 34048K, reserved 1114112K
  class space    used 4419K, committed 4736K, reserved 1048576K
}
Event: 78.784 GC heap before
{Heap before GC invocations=12 (full 1):
 garbage-first heap   total 55296K, used 47177K [0x0000000741e00000, 0x0000000800000000)
  region size 2048K, 16 young (32768K), 0 survivors (0K)
 Metaspace       used 33717K, committed 34304K, reserved 1114112K
  class space    used 4463K, committed 4736K, reserved 1048576K
}
Event: 78.787 GC heap after
{Heap after GC invocations=13 (full 1):
 garbage-first heap   total 55296K, used 18104K [0x0000000741e00000, 0x0000000800000000)
  region size 2048K, 2 young (4096K), 2 survivors (4096K)
 Metaspace       used 33717K, committed 34304K, reserved 1114112K
  class space    used 4463K, committed 4736K, reserved 1048576K
}
Event: 183.733 GC heap before
{Heap before GC invocations=13 (full 1):
 garbage-first heap   total 55296K, used 42680K [0x0000000741e00000, 0x0000000800000000)
  region size 2048K, 15 young (30720K), 2 survivors (4096K)
 Metaspace       used 33873K, committed 34560K, reserved 1114112K
  class space    used 4484K, committed 4800K, reserved 1048576K
}
Event: 183.738 GC heap after
{Heap after GC invocations=14 (full 1):
 garbage-first heap   total 55296K, used 18837K [0x0000000741e00000, 0x0000000800000000)
  region size 2048K, 1 young (2048K), 1 survivors (2048K)
 Metaspace       used 33873K, committed 34560K, reserved 1114112K
  class space    used 4484K, committed 4800K, reserved 1048576K
}
Event: 199.822 GC heap before
{Heap before GC invocations=14 (full 1):
 garbage-first heap   total 55296K, used 18837K [0x0000000741e00000, 0x0000000800000000)
  region size 2048K, 2 young (4096K), 1 survivors (2048K)
 Metaspace       used 33884K, committed 34560K, reserved 1114112K
  class space    used 4485K, committed 4800K, reserved 1048576K
}
Event: 199.858 GC heap after
{Heap after GC invocations=15 (full 2):
 garbage-first heap   total 49152K, used 12165K [0x0000000741e00000, 0x0000000800000000)
  region size 2048K, 0 young (0K), 0 survivors (0K)
 Metaspace       used 33520K, committed 34560K, reserved 1114112K
  class space    used 4394K, committed 4800K, reserved 1048576K
}

